This is pdfTeX, Version 3.14159265-2.6-1.40.16 (TeX Live 2015/Debian) (preloaded format=pdflatex 2017.7.25)  10 DEC 2017 17:04
entering extended mode
 restricted \write18 enabled.
 %&-line parsing enabled.
**Final_Report.tex
(./Final_Report.tex
LaTeX2e <2016/02/01>
Babel <3.9q> and hyphenation patterns for 81 language(s) loaded.
(/usr/share/texlive/texmf-dist/tex/latex/base/article.cls
Document Class: article 2014/09/29 v1.4h Standard LaTeX document class
(/usr/share/texlive/texmf-dist/tex/latex/base/size10.clo
File: size10.clo 2014/09/29 v1.4h Standard LaTeX file (size option)
)
\c@part=\count79
\c@section=\count80
\c@subsection=\count81
\c@subsubsection=\count82
\c@paragraph=\count83
\c@subparagraph=\count84
\c@figure=\count85
\c@table=\count86
\abovecaptionskip=\skip41
\belowcaptionskip=\skip42
\bibindent=\dimen102
)
(./INTERSPEECH_v2.sty
Package: INTERSPEECH_v2 2016/10/28 Official Interspeech 2017 package

(/usr/share/texlive/texmf-dist/tex/latex/graphics/graphicx.sty
Package: graphicx 2014/10/28 v1.0g Enhanced LaTeX Graphics (DPC,SPQR)

(/usr/share/texlive/texmf-dist/tex/latex/graphics/keyval.sty
Package: keyval 2014/10/28 v1.15 key=value parser (DPC)
\KV@toks@=\toks14
)
(/usr/share/texlive/texmf-dist/tex/latex/graphics/graphics.sty
Package: graphics 2016/01/03 v1.0q Standard LaTeX Graphics (DPC,SPQR)

(/usr/share/texlive/texmf-dist/tex/latex/graphics/trig.sty
Package: trig 2016/01/03 v1.10 sin cos tan (DPC)
)
(/usr/share/texlive/texmf-dist/tex/latex/latexconfig/graphics.cfg
File: graphics.cfg 2010/04/23 v1.9 graphics configuration of TeX Live
)
Package graphics Info: Driver file: pdftex.def on input line 95.

(/usr/share/texlive/texmf-dist/tex/latex/pdftex-def/pdftex.def
File: pdftex.def 2011/05/27 v0.06d Graphics/color for pdfTeX

(/usr/share/texlive/texmf-dist/tex/generic/oberdiek/infwarerr.sty
Package: infwarerr 2010/04/08 v1.3 Providing info/warning/error messages (HO)
)
(/usr/share/texlive/texmf-dist/tex/generic/oberdiek/ltxcmds.sty
Package: ltxcmds 2011/11/09 v1.22 LaTeX kernel commands for general use (HO)
)
\Gread@gobject=\count87
))
\Gin@req@height=\dimen103
\Gin@req@width=\dimen104
)
(/usr/share/texlive/texmf-dist/tex/latex/amsfonts/amssymb.sty
Package: amssymb 2013/01/14 v3.01 AMS font symbols

(/usr/share/texlive/texmf-dist/tex/latex/amsfonts/amsfonts.sty
Package: amsfonts 2013/01/14 v3.01 Basic AMSFonts support
\@emptytoks=\toks15
\symAMSa=\mathgroup4
\symAMSb=\mathgroup5
LaTeX Font Info:    Overwriting math alphabet `\mathfrak' in version `bold'
(Font)                  U/euf/m/n --> U/euf/b/n on input line 106.
))
(/usr/share/texlive/texmf-dist/tex/latex/amsmath/amsmath.sty
Package: amsmath 2016/03/03 v2.15a AMS math features
\@mathmargin=\skip43

For additional information on amsmath, use the `?' option.
(/usr/share/texlive/texmf-dist/tex/latex/amsmath/amstext.sty
Package: amstext 2000/06/29 v2.01 AMS text

(/usr/share/texlive/texmf-dist/tex/latex/amsmath/amsgen.sty
File: amsgen.sty 1999/11/30 v2.0 generic functions
\@emptytoks=\toks16
\ex@=\dimen105
))
(/usr/share/texlive/texmf-dist/tex/latex/amsmath/amsbsy.sty
Package: amsbsy 1999/11/29 v1.2d Bold Symbols
\pmbraise@=\dimen106
)
(/usr/share/texlive/texmf-dist/tex/latex/amsmath/amsopn.sty
Package: amsopn 1999/12/14 v2.01 operator names
)
\inf@bad=\count88
LaTeX Info: Redefining \frac on input line 199.
\uproot@=\count89
\leftroot@=\count90
LaTeX Info: Redefining \overline on input line 297.
\classnum@=\count91
\DOTSCASE@=\count92
LaTeX Info: Redefining \ldots on input line 394.
LaTeX Info: Redefining \dots on input line 397.
LaTeX Info: Redefining \cdots on input line 518.
\Mathstrutbox@=\box26
\strutbox@=\box27
\big@size=\dimen107
LaTeX Font Info:    Redeclaring font encoding OML on input line 630.
LaTeX Font Info:    Redeclaring font encoding OMS on input line 631.
\macc@depth=\count93
\c@MaxMatrixCols=\count94
\dotsspace@=\muskip10
\c@parentequation=\count95
\dspbrk@lvl=\count96
\tag@help=\toks17
\row@=\count97
\column@=\count98
\maxfields@=\count99
\andhelp@=\toks18
\eqnshift@=\dimen108
\alignsep@=\dimen109
\tagshift@=\dimen110
\tagwidth@=\dimen111
\totwidth@=\dimen112
\lineht@=\dimen113
\@envbody=\toks19
\multlinegap=\skip44
\multlinetaggap=\skip45
\mathdisplay@stack=\toks20
LaTeX Info: Redefining \[ on input line 2735.
LaTeX Info: Redefining \] on input line 2736.
)
(/usr/share/texlive/texmf-dist/tex/latex/tools/bm.sty
Package: bm 2014/10/28 v1.1c Bold Symbol Support (DPC/FMi)
\symboldoperators=\mathgroup6
\symboldletters=\mathgroup7
\symboldsymbols=\mathgroup8
LaTeX Font Info:    Redeclaring math alphabet \mathbf on input line 141.
LaTeX Info: Redefining \bm on input line 207.
)
(/usr/share/texlive/texmf-dist/tex/latex/base/textcomp.sty
Package: textcomp 2005/09/27 v1.99g Standard LaTeX package
Package textcomp Info: Sub-encoding information:
(textcomp)               5 = only ISO-Adobe without \textcurrency
(textcomp)               4 = 5 + \texteuro
(textcomp)               3 = 4 + \textohm
(textcomp)               2 = 3 + \textestimated + \textcurrency
(textcomp)               1 = TS1 - \textcircled - \t
(textcomp)               0 = TS1 (full)
(textcomp)             Font families with sub-encoding setting implement
(textcomp)             only a restricted character set as indicated.
(textcomp)             Family '?' is the default used for unknown fonts.
(textcomp)             See the documentation for details.
Package textcomp Info: Setting ? sub-encoding to TS1/1 on input line 79.

(/usr/share/texlive/texmf-dist/tex/latex/base/ts1enc.def
File: ts1enc.def 2001/06/05 v3.0e (jk/car/fm) Standard LaTeX file
)
LaTeX Info: Redefining \oldstylenums on input line 334.
Package textcomp Info: Setting cmr sub-encoding to TS1/0 on input line 349.
Package textcomp Info: Setting cmss sub-encoding to TS1/0 on input line 350.
Package textcomp Info: Setting cmtt sub-encoding to TS1/0 on input line 351.
Package textcomp Info: Setting cmvtt sub-encoding to TS1/0 on input line 352.
Package textcomp Info: Setting cmbr sub-encoding to TS1/0 on input line 353.
Package textcomp Info: Setting cmtl sub-encoding to TS1/0 on input line 354.
Package textcomp Info: Setting ccr sub-encoding to TS1/0 on input line 355.
Package textcomp Info: Setting ptm sub-encoding to TS1/4 on input line 356.
Package textcomp Info: Setting pcr sub-encoding to TS1/4 on input line 357.
Package textcomp Info: Setting phv sub-encoding to TS1/4 on input line 358.
Package textcomp Info: Setting ppl sub-encoding to TS1/3 on input line 359.
Package textcomp Info: Setting pag sub-encoding to TS1/4 on input line 360.
Package textcomp Info: Setting pbk sub-encoding to TS1/4 on input line 361.
Package textcomp Info: Setting pnc sub-encoding to TS1/4 on input line 362.
Package textcomp Info: Setting pzc sub-encoding to TS1/4 on input line 363.
Package textcomp Info: Setting bch sub-encoding to TS1/4 on input line 364.
Package textcomp Info: Setting put sub-encoding to TS1/5 on input line 365.
Package textcomp Info: Setting uag sub-encoding to TS1/5 on input line 366.
Package textcomp Info: Setting ugq sub-encoding to TS1/5 on input line 367.
Package textcomp Info: Setting ul8 sub-encoding to TS1/4 on input line 368.
Package textcomp Info: Setting ul9 sub-encoding to TS1/4 on input line 369.
Package textcomp Info: Setting augie sub-encoding to TS1/5 on input line 370.
Package textcomp Info: Setting dayrom sub-encoding to TS1/3 on input line 371.
Package textcomp Info: Setting dayroms sub-encoding to TS1/3 on input line 372.

Package textcomp Info: Setting pxr sub-encoding to TS1/0 on input line 373.
Package textcomp Info: Setting pxss sub-encoding to TS1/0 on input line 374.
Package textcomp Info: Setting pxtt sub-encoding to TS1/0 on input line 375.
Package textcomp Info: Setting txr sub-encoding to TS1/0 on input line 376.
Package textcomp Info: Setting txss sub-encoding to TS1/0 on input line 377.
Package textcomp Info: Setting txtt sub-encoding to TS1/0 on input line 378.
Package textcomp Info: Setting lmr sub-encoding to TS1/0 on input line 379.
Package textcomp Info: Setting lmdh sub-encoding to TS1/0 on input line 380.
Package textcomp Info: Setting lmss sub-encoding to TS1/0 on input line 381.
Package textcomp Info: Setting lmssq sub-encoding to TS1/0 on input line 382.
Package textcomp Info: Setting lmvtt sub-encoding to TS1/0 on input line 383.
Package textcomp Info: Setting lmtt sub-encoding to TS1/0 on input line 384.
Package textcomp Info: Setting qhv sub-encoding to TS1/0 on input line 385.
Package textcomp Info: Setting qag sub-encoding to TS1/0 on input line 386.
Package textcomp Info: Setting qbk sub-encoding to TS1/0 on input line 387.
Package textcomp Info: Setting qcr sub-encoding to TS1/0 on input line 388.
Package textcomp Info: Setting qcs sub-encoding to TS1/0 on input line 389.
Package textcomp Info: Setting qpl sub-encoding to TS1/0 on input line 390.
Package textcomp Info: Setting qtm sub-encoding to TS1/0 on input line 391.
Package textcomp Info: Setting qzc sub-encoding to TS1/0 on input line 392.
Package textcomp Info: Setting qhvc sub-encoding to TS1/0 on input line 393.
Package textcomp Info: Setting futs sub-encoding to TS1/4 on input line 394.
Package textcomp Info: Setting futx sub-encoding to TS1/4 on input line 395.
Package textcomp Info: Setting futj sub-encoding to TS1/4 on input line 396.
Package textcomp Info: Setting hlh sub-encoding to TS1/3 on input line 397.
Package textcomp Info: Setting hls sub-encoding to TS1/3 on input line 398.
Package textcomp Info: Setting hlst sub-encoding to TS1/3 on input line 399.
Package textcomp Info: Setting hlct sub-encoding to TS1/5 on input line 400.
Package textcomp Info: Setting hlx sub-encoding to TS1/5 on input line 401.
Package textcomp Info: Setting hlce sub-encoding to TS1/5 on input line 402.
Package textcomp Info: Setting hlcn sub-encoding to TS1/5 on input line 403.
Package textcomp Info: Setting hlcw sub-encoding to TS1/5 on input line 404.
Package textcomp Info: Setting hlcf sub-encoding to TS1/5 on input line 405.
Package textcomp Info: Setting pplx sub-encoding to TS1/3 on input line 406.
Package textcomp Info: Setting pplj sub-encoding to TS1/3 on input line 407.
Package textcomp Info: Setting ptmx sub-encoding to TS1/4 on input line 408.
Package textcomp Info: Setting ptmj sub-encoding to TS1/4 on input line 409.
)
(/usr/share/texlive/texmf-dist/tex/latex/booktabs/booktabs.sty
Package: booktabs 2005/04/14 v1.61803 publication quality tables
\heavyrulewidth=\dimen114
\lightrulewidth=\dimen115
\cmidrulewidth=\dimen116
\belowrulesep=\dimen117
\belowbottomsep=\dimen118
\aboverulesep=\dimen119
\abovetopsep=\dimen120
\cmidrulesep=\dimen121
\cmidrulekern=\dimen122
\defaultaddspace=\dimen123
\@cmidla=\count100
\@cmidlb=\count101
\@aboverulesep=\dimen124
\@belowrulesep=\dimen125
\@thisruleclass=\count102
\@lastruleclass=\count103
\@thisrulewidth=\dimen126
)
(/usr/share/texlive/texmf-dist/tex/latex/caption/caption.sty
Package: caption 2016/02/21 v3.3-144 Customizing captions (AR)

(/usr/share/texlive/texmf-dist/tex/latex/caption/caption3.sty
Package: caption3 2016/02/04 v1.7-139 caption3 kernel (AR)
Package caption3 Info: TeX engine: e-TeX on input line 67.
\captionmargin=\dimen127
\captionmargin@=\dimen128
\captionwidth=\dimen129
\caption@tempdima=\dimen130
\caption@indent=\dimen131
\caption@parindent=\dimen132
\caption@hangindent=\dimen133
)
\c@ContinuedFloat=\count104
)
\headrulewidth=\dimen134
\footrulewidth=\dimen135
\plainheadrulewidth=\dimen136
\plainfootrulewidth=\dimen137
\headwidth=\dimen138
)
(/usr/share/texlive/texmf-dist/tex/latex/graphics/color.sty
Package: color 2016/01/03 v1.1b Standard LaTeX Color (DPC)

(/usr/share/texlive/texmf-dist/tex/latex/latexconfig/color.cfg
File: color.cfg 2007/01/18 v1.5 color configuration of teTeX/TeXLive
)
Package color Info: Driver file: pdftex.def on input line 143.
)
(/usr/share/texlive/texmf-dist/tex/latex/hyperref/hyperref.sty
Package: hyperref 2012/11/06 v6.83m Hypertext links for LaTeX

(/usr/share/texlive/texmf-dist/tex/generic/oberdiek/hobsub-hyperref.sty
Package: hobsub-hyperref 2012/05/28 v1.13 Bundle oberdiek, subset hyperref (HO)


(/usr/share/texlive/texmf-dist/tex/generic/oberdiek/hobsub-generic.sty
Package: hobsub-generic 2012/05/28 v1.13 Bundle oberdiek, subset generic (HO)
Package: hobsub 2012/05/28 v1.13 Construct package bundles (HO)
Package hobsub Info: Skipping package `infwarerr' (already loaded).
Package hobsub Info: Skipping package `ltxcmds' (already loaded).
Package: ifluatex 2010/03/01 v1.3 Provides the ifluatex switch (HO)
Package ifluatex Info: LuaTeX not detected.
Package: ifvtex 2010/03/01 v1.5 Detect VTeX and its facilities (HO)
Package ifvtex Info: VTeX not detected.
Package: intcalc 2007/09/27 v1.1 Expandable calculations with integers (HO)
Package: ifpdf 2011/01/30 v2.3 Provides the ifpdf switch (HO)
Package ifpdf Info: pdfTeX in PDF mode is detected.
Package: etexcmds 2011/02/16 v1.5 Avoid name clashes with e-TeX commands (HO)
Package etexcmds Info: Could not find \expanded.
(etexcmds)             That can mean that you are not using pdfTeX 1.50 or
(etexcmds)             that some package has redefined \expanded.
(etexcmds)             In the latter case, load this package earlier.
Package: kvsetkeys 2012/04/25 v1.16 Key value parser (HO)
Package: kvdefinekeys 2011/04/07 v1.3 Define keys (HO)
Package: pdftexcmds 2011/11/29 v0.20 Utility functions of pdfTeX for LuaTeX (HO
)
Package pdftexcmds Info: LuaTeX not detected.
Package pdftexcmds Info: \pdf@primitive is available.
Package pdftexcmds Info: \pdf@ifprimitive is available.
Package pdftexcmds Info: \pdfdraftmode found.
Package: pdfescape 2011/11/25 v1.13 Implements pdfTeX's escape features (HO)
Package: bigintcalc 2012/04/08 v1.3 Expandable calculations on big integers (HO
)
Package: bitset 2011/01/30 v1.1 Handle bit-vector datatype (HO)
Package: uniquecounter 2011/01/30 v1.2 Provide unlimited unique counter (HO)
)
Package hobsub Info: Skipping package `hobsub' (already loaded).
Package: letltxmacro 2010/09/02 v1.4 Let assignment for LaTeX macros (HO)
Package: hopatch 2012/05/28 v1.2 Wrapper for package hooks (HO)
Package: xcolor-patch 2011/01/30 xcolor patch
Package: atveryend 2011/06/30 v1.8 Hooks at the very end of document (HO)
Package atveryend Info: \enddocument detected (standard20110627).
Package: atbegshi 2011/10/05 v1.16 At begin shipout hook (HO)
Package: refcount 2011/10/16 v3.4 Data extraction from label references (HO)
Package: hycolor 2011/01/30 v1.7 Color options for hyperref/bookmark (HO)
)
(/usr/share/texlive/texmf-dist/tex/generic/ifxetex/ifxetex.sty
Package: ifxetex 2010/09/12 v0.6 Provides ifxetex conditional
)
(/usr/share/texlive/texmf-dist/tex/latex/oberdiek/auxhook.sty
Package: auxhook 2011/03/04 v1.3 Hooks for auxiliary files (HO)
)
(/usr/share/texlive/texmf-dist/tex/latex/oberdiek/kvoptions.sty
Package: kvoptions 2011/06/30 v3.11 Key value format for package options (HO)
)
\@linkdim=\dimen139
\Hy@linkcounter=\count105
\Hy@pagecounter=\count106

(/usr/share/texlive/texmf-dist/tex/latex/hyperref/pd1enc.def
File: pd1enc.def 2012/11/06 v6.83m Hyperref: PDFDocEncoding definition (HO)
)
\Hy@SavedSpaceFactor=\count107

(/usr/share/texlive/texmf-dist/tex/latex/latexconfig/hyperref.cfg
File: hyperref.cfg 2002/06/06 v1.2 hyperref configuration of TeXLive
)
Package hyperref Info: Hyper figures OFF on input line 4443.
Package hyperref Info: Link nesting OFF on input line 4448.
Package hyperref Info: Hyper index ON on input line 4451.
Package hyperref Info: Plain pages OFF on input line 4458.
Package hyperref Info: Backreferencing OFF on input line 4463.
Package hyperref Info: Implicit mode ON; LaTeX internals redefined.
Package hyperref Info: Bookmarks ON on input line 4688.
\c@Hy@tempcnt=\count108

(/usr/share/texlive/texmf-dist/tex/latex/url/url.sty
\Urlmuskip=\muskip11
Package: url 2013/09/16  ver 3.4  Verb mode for urls, etc.
)
LaTeX Info: Redefining \url on input line 5041.
\XeTeXLinkMargin=\dimen140
\Fld@menulength=\count109
\Field@Width=\dimen141
\Fld@charsize=\dimen142
Package hyperref Info: Hyper figures OFF on input line 6295.
Package hyperref Info: Link nesting OFF on input line 6300.
Package hyperref Info: Hyper index ON on input line 6303.
Package hyperref Info: backreferencing OFF on input line 6310.
Package hyperref Info: Link coloring OFF on input line 6315.
Package hyperref Info: Link coloring with OCG OFF on input line 6320.
Package hyperref Info: PDF/A mode OFF on input line 6325.
LaTeX Info: Redefining \ref on input line 6365.
LaTeX Info: Redefining \pageref on input line 6369.
\Hy@abspage=\count110
\c@Item=\count111
\c@Hfootnote=\count112
)

Package hyperref Message: Driver (autodetected): hpdftex.

(/usr/share/texlive/texmf-dist/tex/latex/hyperref/hpdftex.def
File: hpdftex.def 2012/11/06 v6.83m Hyperref driver for pdfTeX
\Fld@listcount=\count113
\c@bookmark@seq@number=\count114

(/usr/share/texlive/texmf-dist/tex/latex/oberdiek/rerunfilecheck.sty
Package: rerunfilecheck 2011/04/15 v1.7 Rerun checks for auxiliary files (HO)
Package uniquecounter Info: New unique counter `rerunfilecheck' on input line 2
82.
)
\Hy@SectionHShift=\skip46
)
(./Final_Report.aux)
\openout1 = `Final_Report.aux'.

LaTeX Font Info:    Checking defaults for OML/cmm/m/it on input line 14.
LaTeX Font Info:    ... okay on input line 14.
LaTeX Font Info:    Checking defaults for T1/cmr/m/n on input line 14.
LaTeX Font Info:    ... okay on input line 14.
LaTeX Font Info:    Checking defaults for OT1/cmr/m/n on input line 14.
LaTeX Font Info:    ... okay on input line 14.
LaTeX Font Info:    Checking defaults for OMS/cmsy/m/n on input line 14.
LaTeX Font Info:    ... okay on input line 14.
LaTeX Font Info:    Checking defaults for OMX/cmex/m/n on input line 14.
LaTeX Font Info:    ... okay on input line 14.
LaTeX Font Info:    Checking defaults for U/cmr/m/n on input line 14.
LaTeX Font Info:    ... okay on input line 14.
LaTeX Font Info:    Checking defaults for TS1/cmr/m/n on input line 14.
LaTeX Font Info:    Try loading font information for TS1+cmr on input line 14.
 (/usr/share/texlive/texmf-dist/tex/latex/base/ts1cmr.fd
File: ts1cmr.fd 2014/09/29 v2.5h Standard LaTeX font definitions
)
LaTeX Font Info:    ... okay on input line 14.
LaTeX Font Info:    Checking defaults for PD1/pdf/m/n on input line 14.
LaTeX Font Info:    ... okay on input line 14.
LaTeX Font Info:    Try loading font information for OT1+ptm on input line 14.

(/usr/share/texlive/texmf-dist/tex/latex/psnfss/ot1ptm.fd
File: ot1ptm.fd 2001/06/04 font definitions for OT1/ptm.
)
(/usr/share/texlive/texmf-dist/tex/context/base/supp-pdf.mkii
[Loading MPS to PDF converter (version 2006.09.02).]
\scratchcounter=\count115
\scratchdimen=\dimen143
\scratchbox=\box28
\nofMPsegments=\count116
\nofMParguments=\count117
\everyMPshowfont=\toks21
\MPscratchCnt=\count118
\MPscratchDim=\dimen144
\MPnumerator=\count119
\makeMPintoPDFobject=\count120
\everyMPtoPDFconversion=\toks22
) (/usr/share/texlive/texmf-dist/tex/latex/oberdiek/epstopdf-base.sty
Package: epstopdf-base 2010/02/09 v2.5 Base part for package epstopdf

(/usr/share/texlive/texmf-dist/tex/latex/oberdiek/grfext.sty
Package: grfext 2010/08/19 v1.1 Manage graphics extensions (HO)
)
Package grfext Info: Graphics extension search list:
(grfext)             [.png,.pdf,.jpg,.mps,.jpeg,.jbig2,.jb2,.PNG,.PDF,.JPG,.JPE
G,.JBIG2,.JB2,.eps]
(grfext)             \AppendGraphicsExtensions on input line 452.

(/usr/share/texlive/texmf-dist/tex/latex/latexconfig/epstopdf-sys.cfg
File: epstopdf-sys.cfg 2010/07/13 v1.3 Configuration of (r)epstopdf for TeX Liv
e
))
Package caption Info: Begin \AtBeginDocument code.
Package caption Info: hyperref package is loaded.
Package caption Info: End \AtBeginDocument code.
\AtBeginShipoutBox=\box29
Package hyperref Info: Link coloring OFF on input line 14.

(/usr/share/texlive/texmf-dist/tex/latex/hyperref/nameref.sty
Package: nameref 2012/10/27 v2.43 Cross-referencing by name of section

(/usr/share/texlive/texmf-dist/tex/generic/oberdiek/gettitlestring.sty
Package: gettitlestring 2010/12/03 v1.4 Cleanup title references (HO)
)
\c@section@level=\count121
)
LaTeX Info: Redefining \ref on input line 14.
LaTeX Info: Redefining \pageref on input line 14.
LaTeX Info: Redefining \nameref on input line 14.

(./Final_Report.out) (./Final_Report.out)
\@outlinefile=\write3
\openout3 = `Final_Report.out'.

LaTeX Font Info:    Font shape `OT1/ptm/bx/n' in size <12> not available
(Font)              Font shape `OT1/ptm/b/n' tried instead on input line 18.
LaTeX Font Info:    Font shape `OT1/ptm/bx/n' in size <14.4> not available
(Font)              Font shape `OT1/ptm/b/n' tried instead on input line 18.
LaTeX Font Info:    Try loading font information for OT1+pcr on input line 18.

(/usr/share/texlive/texmf-dist/tex/latex/psnfss/ot1pcr.fd
File: ot1pcr.fd 2001/06/04 font definitions for OT1/pcr.
)
LaTeX Font Info:    Font shape `OT1/ptm/bx/n' in size <9> not available
(Font)              Font shape `OT1/ptm/b/n' tried instead on input line 18.

Underfull \hbox (badness 1430) in paragraph at lines 19--20
\OT1/ptm/m/n/9 (CCNs), the state-of-the-art gen-er-al-ized con-vo-lu-tion graph

 []


Underfull \hbox (badness 2042) in paragraph at lines 19--20
\OT1/ptm/m/n/9 rep-re-sen-ta-tions and ten-sor con-trac-tion op-er-a-tions that
 are
 []


Underfull \hbox (badness 1024) in paragraph at lines 19--20
\OT1/ptm/m/n/9 ad-dress the rep-re-sen-ta-tion lim-i-ta-tion of all ex-ist-ing 
neu-ral
 []


Underfull \hbox (badness 10000) in paragraph at lines 19--20

 []


Underfull \hbox (badness 10000) in paragraph at lines 25--28

 []


Underfull \hbox (badness 3049) in paragraph at lines 25--28
\OT1/ptm/m/n/9 the pro-posed mod-els must be \OT1/ptm/m/it/9 permutation-invari
ant \OT1/ptm/m/n/9 and
 []


Underfull \hbox (badness 1057) in paragraph at lines 25--28
\OT1/ptm/m/n/9 by propos-ing Dic-tio-nary Weisfeiler-Lehman graph fea-tures
 []


Underfull \hbox (badness 10000) in paragraph at lines 25--28

 []


Underfull \hbox (badness 10000) in paragraph at lines 25--28
\OT1/ptm/m/n/9 Current Deep Learn-ing frame-works in-clud-ing Ten-sor-
 []


Underfull \hbox (badness 1838) in paragraph at lines 25--28
\OT1/ptm/m/n/9 ad-dress-ing both these draw-backs. With this mo-ti-va-tion,
 []


Underfull \hbox (badness 1320) in paragraph at lines 25--28
\OT1/ptm/m/n/9 Graph-Flow for our long-term Ma-chine Learn-ing re-search.
 []


Underfull \hbox (badness 1436) in paragraph at lines 25--28
\OT1/ptm/m/n/9 of Graph-Flow is men-tioned in chap-ter 4. We care-fully
 []


Underfull \hbox (badness 1418) in paragraph at lines 25--28
\OT1/ptm/m/n/9 ten-sor/matrix op-er-a-tions to train-ing on a small molec-u-lar

 []

<sketcher2.png, id=160, 348.30125pt x 288.07625pt>
File: sketcher2.png Graphic file (type png)
 <use sketcher2.png>
Package pdftex.def Info: sketcher2.png used on input line 31.
(pdftex.def)             Requested size: 69.65901pt x 57.61421pt.

<adjacency1.png, id=161, 401.24907pt x 338.01282pt>
File: adjacency1.png Graphic file (type png)
 <use adjacency1.png>
Package pdftex.def Info: adjacency1.png used on input line 32.
(pdftex.def)             Requested size: 80.24838pt x 67.60135pt.

<adjacency2.png, id=162, 380.92313pt x 322.95656pt>
File: adjacency2.png Graphic file (type png)
 <use adjacency2.png>
Package pdftex.def Info: adjacency2.png used on input line 33.
(pdftex.def)             Requested size: 76.18327pt x 64.59016pt.
LaTeX Font Info:    Try loading font information for U+msa on input line 34.

(/usr/share/texlive/texmf-dist/tex/latex/amsfonts/umsa.fd
File: umsa.fd 2013/01/14 v3.01 AMS symbols A
)
LaTeX Font Info:    Try loading font information for U+msb on input line 34.

(/usr/share/texlive/texmf-dist/tex/latex/amsfonts/umsb.fd
File: umsb.fd 2013/01/14 v3.01 AMS symbols B
) [1{/var/lib/texmf/fonts/map/pdftex/updmap/pdftex.map}



 <./sketcher2.png> <./adjacency1.png (PNG copy)> <./adjacency2.png (PNG copy)>]

Overfull \hbox (4.10072pt too wide) detected at line 48
\OMS/cmsy/m/n/9 K[]\OT1/cmr/m/n/9 (\OML/cmm/m/it/9 G[]; G[]\OT1/cmr/m/n/9 ) = [
] \OMS/cmsy/m/n/9 ^^A [] ^^A [] [] \OML/cmm/m/it/9 k[]\OT1/cmr/m/n/9 (\OML/cmm/
m/it/9 f\OT1/cmr/m/n/9 (\OML/cmm/m/it/9 v[]\OT1/cmr/m/n/9 )\OML/cmm/m/it/9 ; f\
OT1/cmr/m/n/9 (\OML/cmm/m/it/9 v[]\OT1/cmr/m/n/9 ))
 []

LaTeX Font Info:    Try loading font information for TS1+ptm on input line 51.
(/usr/share/texlive/texmf-dist/tex/latex/psnfss/ts1ptm.fd
File: ts1ptm.fd 2001/06/04 font definitions for TS1/ptm.
)
Underfull \hbox (badness 1057) in paragraph at lines 58--82
\OT1/ptm/m/n/9 cir-cu-lar fin-ger-prints into the Dic-tio-nary Weisfeiler-Lehma
n
 []


Underfull \hbox (badness 10000) in paragraph at lines 58--82

 []


Underfull \hbox (badness 10000) in paragraph at lines 58--82

 []


Package hyperref Warning: Token not allowed in a PDF string (PDFDocEncoding):
(hyperref)                removing `\@ifnextchar' on input line 95.

[2]
Underfull \hbox (badness 10000) in paragraph at lines 114--126

 []


Underfull \hbox (badness 10000) in paragraph at lines 114--126

 []


Underfull \hbox (badness 2050) in paragraph at lines 114--126
\OT1/ptm/m/n/9 Learnable ma-tri-ces $\OML/cmm/m/it/9 W[]$ \OT1/ptm/m/n/9 and le
arn-able vec-tor $\OML/cmm/m/it/9 u$ \OT1/ptm/m/n/9 are op-ti-
 []


Underfull \hbox (badness 1946) in paragraph at lines 114--126
\OT1/ptm/m/n/9 mized by the Back-Propagation al-go-rithm as done when
 []


Underfull \hbox (badness 10000) in paragraph at lines 114--126

 []


Underfull \hbox (badness 1924) in paragraph at lines 114--126
\OT1/ptm/m/n/9 To em-power Neu-ral Graph Fin-ger-print, we can also in-
 []


Underfull \hbox (badness 10000) in paragraph at lines 130--133

 []


Underfull \hbox (badness 1199) in paragraph at lines 130--133
\OT1/ptm/m/n/9 Moreover, it is not a nat-u-ral idea to limit the neigh-bor-
 []


Package hyperref Warning: Token not allowed in a PDF string (PDFDocEncoding):
(hyperref)                removing `\@ifnextchar' on input line 141.


Underfull \hbox (badness 1472) in paragraph at lines 143--174
\OT1/ptm/m/n/9 ob-tained from Weisfeiler-Lehman graph iso-mor-phism test.
 []


Underfull \hbox (badness 10000) in paragraph at lines 143--174

 []


Underfull \hbox (badness 10000) in paragraph at lines 143--174

 []


Underfull \hbox (badness 1033) in paragraph at lines 143--174
\OT1/ptm/m/n/9 We also have the al-go-rithm to flat-ten the in-put graph $\OML/
cmm/m/it/9 G$
 []


Underfull \hbox (badness 10000) in paragraph at lines 143--174

 []


Underfull \hbox (badness 10000) in paragraph at lines 143--174

 []


Underfull \hbox (badness 1946) in paragraph at lines 143--174
\OT1/ptm/m/n/9 Suppose that each ver-tex is as-so-ci-ated with a fixed-size
 []

[3]
Underfull \hbox (badness 10000) in paragraph at lines 184--188

 []


Underfull \hbox (badness 3471) in paragraph at lines 184--188
\OT1/ptm/m/n/9 The first-order rep-re-sen-ta-tion al-lows each chan-nel of $\OM
L/cmm/m/it/9 d$
 []


Underfull \hbox (badness 1442) in paragraph at lines 184--188
\OT1/ptm/m/n/9 chan-nels of $\OML/cmm/m/it/9 f[]\OT1/cmr/m/n/9 (\OML/cmm/m/it/9
 v\OT1/cmr/m/n/9 )$ \OT1/ptm/m/n/9 to be rep-re-sented by a vec-tor of size
 []


Underfull \hbox (badness 10000) in paragraph at lines 184--188

 []


Underfull \hbox (badness 10000) in paragraph at lines 184--188
\OT1/ptm/m/n/9 More gen-eral, the second-order rep-re-sen-ta-tion al-lows
 []


Underfull \hbox (badness 2435) in paragraph at lines 184--188
\OT1/ptm/m/n/9 each chan-nel of $\OML/cmm/m/it/9 d$ \OT1/ptm/m/n/9 chan-nels of
 $\OML/cmm/m/it/9 f[]\OT1/cmr/m/n/9 (\OML/cmm/m/it/9 v\OT1/cmr/m/n/9 )$ \OT1/pt
m/m/n/9 to be rep-re-sented
 []


Underfull \hbox (badness 10000) in paragraph at lines 184--188

 []


Underfull \hbox (badness 10000) in paragraph at lines 195--198

 []


Underfull \hbox (badness 4341) in paragraph at lines 198--201
\OT1/ptm/m/n/9 second-order ag-gre-ga-tion rules; learn-able weight ma-trix
 []


Underfull \hbox (badness 10000) in paragraph at lines 198--201

 []


Overfull \hbox (7.2675pt too wide) detected at line 208
\OML/cmm/m/it/9 ^^^[]\OT1/cmr/m/n/9 (\OML/cmm/m/it/9 v\OT1/cmr/m/n/9 ) = ^^H[]\
OML/cmm/m/it/9 X[]\OT1/cmr/m/n/9 (\OML/cmm/m/it/9 v; w\OT1/cmr/m/n/9 ) \OMS/cms
y/m/n/9 
 \OML/cmm/m/it/9 f[]\OT1/cmr/m/n/9 (\OML/cmm/m/it/9 w\OT1/cmr/m/n/9 ) \OMS/cmsy
/m/n/9 
 \OML/cmm/m/it/9 X[]\OT1/cmr/m/n/9 (\OML/cmm/m/it/9 v; w\OT1/cmr/m/n/9 )[] [] \
OML/cmm/m/it/9 w \OMS/cmsy/m/n/9 2 \OT1/cmr/m/n/9 
[](\OML/cmm/m/it/9 v\OT1/cmr/m/n/9 )[]
 []

[4]
Underfull \hbox (badness 10000) in paragraph at lines 219--222

 []


Underfull \hbox (badness 6268) in paragraph at lines 219--222
\OT1/ptm/m/n/9 Instead of ten-sor prod-uct with the re-duced ad-ja-cency
 []


Underfull \hbox (badness 10000) in paragraph at lines 219--222
\OT1/ptm/m/n/9 ma-trix $\OML/cmm/m/it/9 A[]$\OT1/ptm/m/n/9 , we can re-place $\
OML/cmm/m/it/9 A[]$ \OT1/ptm/m/n/9 by the nor-
 []


Underfull \hbox (badness 6708) in paragraph at lines 219--222
\OT1/ptm/m/n/9 mal-ized graph Lapla-cian re-stricted to $\OT1/cmr/m/n/9 
[](\OML/cmm/m/it/9 v\OT1/cmr/m/n/9 )$\OT1/ptm/m/n/9 , for-mally
 []


Underfull \hbox (badness 10000) in paragraph at lines 227--231

 []


Underfull \hbox (badness 3668) in paragraph at lines 227--231
\OT1/ptm/m/n/9 We pro-pose our so-lu-tion []\OT1/ptm/b/n/9 Vir-tual In-dex-ing 
Sys-tem[] \OT1/ptm/m/n/9 in-
 []


Underfull \hbox (badness 10000) in paragraph at lines 227--231

 []


Overfull \hbox (0.94989pt too wide) detected at line 237
\OMS/cmsy/m/n/9 S \OT1/cmr/m/n/9 : \OMS/cmsy/m/n/9 <[] ! <[]
 []


Underfull \hbox (badness 3907) in paragraph at lines 248--250
\OT1/ptm/m/n/9 Long Short-Term Mem-ory (LSTM), firstly pro-posed by
 []


Underfull \hbox (badness 1112) in paragraph at lines 248--250
\OT1/ptm/m/n/9 Re-cur-rent Neu-ral Net-work that was de-signed for learn-ing
 []


Underfull \hbox (badness 10000) in paragraph at lines 248--250

 []


Underfull \hbox (badness 4181) in paragraph at lines 248--250
\OT1/ptm/m/n/9 With the spirit of Lan-guage Mod-el-ing, through-out the
 []

[5]
Underfull \hbox (badness 1028) in paragraph at lines 267--268
[]\OT1/ptm/m/n/9 Supports ten-sor / ma-trix op-er-a-tions im-ple-mented in
 []


Underfull \hbox (badness 6141) in paragraph at lines 274--275
[]\OT1/ptm/b/n/9 Data struc-tures\OT1/ptm/m/n/9 : \OT1/pcr/m/n/9 Entity\OT1/ptm
/m/n/9 , \OT1/pcr/m/n/9 Vector\OT1/ptm/m/n/9 , \OT1/pcr/m/n/9 Matrix\OT1/ptm/m/
n/9 ,
 []


Underfull \hbox (badness 10000) in paragraph at lines 276--279

 []


Underfull \hbox (badness 10000) in paragraph at lines 276--279

 []


Underfull \hbox (badness 1184) in paragraph at lines 276--279
\OT1/ptm/m/n/9 It is im-por-tant to note that our com-pu-ta-tion graph
 []


Underfull \hbox (badness 1838) in paragraph at lines 276--279
\OT1/ptm/m/n/9 u-ate \OT1/pcr/m/n/9 value \OT1/ptm/m/n/9 and \OT1/pcr/m/n/9 gra
dient \OT1/ptm/m/n/9 in the cor-rect or-der.
 []


Underfull \hbox (badness 5245) in paragraph at lines 276--279
\OT1/pcr/m/n/9 B -> forward() \OT1/ptm/m/n/9 and \OT1/pcr/m/n/9 C -> forward()\
OT1/ptm/m/n/9 , and
 []


Underfull \hbox (badness 3590) in paragraph at lines 276--279
\OT1/pcr/m/n/9 A -> backward() \OT1/ptm/m/n/9 is called be-fore both \OT1/pcr/m
/n/9 B ->
 []


Underfull \hbox (badness 1354) in paragraph at lines 280--281
[]\OT1/ptm/b/n/9 Optimization al-go-rithms\OT1/ptm/m/n/9 : Stochas-tic Gra-di-e
nt De-
 []

[6]
Underfull \hbox (badness 2865) in paragraph at lines 295--299
\OT1/ptm/m/n/9 where $\OML/cmm/m/it/9 ^^^[]\OT1/cmr/m/n/9 (\OML/cmm/m/it/9 v\OT
1/cmr/m/n/9 ) \OMS/cmsy/m/n/9 2 <[]$ \OT1/ptm/m/n/9 is the re-sult
 []


Underfull \hbox (badness 10000) in paragraph at lines 295--299

 []


Underfull \hbox (badness 10000) in paragraph at lines 295--299

 []


Underfull \hbox (badness 1215) in paragraph at lines 295--299
\OT1/ptm/m/n/9 One chal-lenge is about syn-chro-niza-tion: we have to en-
 []


Underfull \hbox (badness 1521) in paragraph at lines 302--304
\OT1/ptm/m/n/9 The real im-prove-ment in per-for-mance comes from GPU.
 []


Underfull \hbox (badness 10000) in paragraph at lines 302--304

 []


Underfull \hbox (badness 1742) in paragraph at lines 302--304
\OT1/ptm/m/n/9 Again, syn-chro-niza-tion is also a real chal-lenge: all the
 []


Underfull \hbox (badness 10000) in paragraph at lines 307--310

 []


Underfull \hbox (badness 1092) in paragraph at lines 307--310
\OT1/ptm/m/n/9 Technically, sup-pose that we can ex-e-cute $\OML/cmm/m/it/9 T$ 
\OT1/ptm/m/n/9 threads con-
 []


Underfull \hbox (badness 1895) in paragraph at lines 307--310
\OT1/ptm/m/n/9 train-ing starts, we ini-tial-ize ex-actly $\OML/cmm/m/it/9 T$ \
OT1/ptm/m/n/9 iden-ti-cal dy-namic
 []


Underfull \hbox (badness 10000) in paragraph at lines 307--310

 []


Underfull \hbox (badness 2293) in paragraph at lines 307--310
\OT1/ptm/m/n/9 The mini-batch train-ing with CPU multi-threading is de-
 []

<CPU_box_flow.pdf, id=259, 706.71732pt x 338.93224pt>
File: CPU_box_flow.pdf Graphic file (type pdf)
 <use CPU_box_flow.pdf>
Package pdftex.def Info: CPU_box_flow.pdf used on input line 313.
(pdftex.def)             Requested size: 254.41803pt x 122.0155pt.

Overfull \hbox (26.79599pt too wide) in paragraph at lines 312--314
 [] 
 []

<Matrix_Multiplication.png, id=260, 803.0pt x 602.25pt>
File: Matrix_Multiplication.png Graphic file (type png)

<use Matrix_Multiplication.png>
Package pdftex.def Info: Matrix_Multiplication.png used on input line 336.
(pdftex.def)             Requested size: 224.83847pt x 168.62885pt.

Underfull \vbox (badness 10000) has occurred while \output is active []

 [7 <./CPU_box_flow.pdf>] <Tensor_Contraction.png, id=283, 803.0pt x 602.25pt>
File: Tensor_Contraction.png Graphic file (type png)

<use Tensor_Contraction.png>
Package pdftex.def Info: Tensor_Contraction.png used on input line 346.
(pdftex.def)             Requested size: 208.77507pt x 156.5813pt.

Underfull \vbox (badness 2165) has occurred while \output is active []


Overfull \hbox (2.4593pt too wide) in paragraph at lines 400--420
 [] 
 []


Underfull \hbox (badness 10000) in paragraph at lines 424--426

 []


Underfull \hbox (badness 3471) in paragraph at lines 424--426
\OT1/ptm/m/n/9 For the Dic-tio-nary Weisfeiler-Lehman graph ker-nel, we
 []


Underfull \hbox (badness 1558) in paragraph at lines 424--426
\OT1/ptm/m/it/9 sparse \OT1/ptm/m/n/9 Sup-port Vec-tor Re-gres-sion to these sp
arse fea-ture
 []

[8 <./Matrix_Multiplication.png> <./Tensor_Contraction.png>]
<PCA_WL.png, id=292, 429.10312pt x 317.68687pt>
File: PCA_WL.png Graphic file (type png)
 <use PCA_WL.png>
Package pdftex.def Info: PCA_WL.png used on input line 435.
(pdftex.def)             Requested size: 107.27551pt x 79.42151pt.

<tSNE_WL.png, id=293, 421.575pt x 316.18124pt>
File: tSNE_WL.png Graphic file (type png)
 <use tSNE_WL.png>
Package pdftex.def Info: tSNE_WL.png used on input line 436.
(pdftex.def)             Requested size: 105.39348pt x 79.0451pt.

<PCA_CCN_1D.png, id=294, 421.575pt x 316.18124pt>
File: PCA_CCN_1D.png Graphic file (type png)
 <use PCA_CCN_1D.png>
Package pdftex.def Info: PCA_CCN_1D.png used on input line 443.
(pdftex.def)             Requested size: 105.39348pt x 79.0451pt.

<tSNE_CCN_1D.png, id=295, 421.575pt x 316.18124pt>
File: tSNE_CCN_1D.png Graphic file (type png)
 <use tSNE_CCN_1D.png>
Package pdftex.def Info: tSNE_CCN_1D.png used on input line 444.
(pdftex.def)             Requested size: 105.39348pt x 79.0451pt.

<PCA_CCN_2D.png, id=296, 421.575pt x 316.18124pt>
File: PCA_CCN_2D.png Graphic file (type png)
 <use PCA_CCN_2D.png>
Package pdftex.def Info: PCA_CCN_2D.png used on input line 451.
(pdftex.def)             Requested size: 105.39348pt x 79.0451pt.

<tSNE_CCN_2D.png, id=297, 421.575pt x 316.18124pt>
File: tSNE_CCN_2D.png Graphic file (type png)
 <use tSNE_CCN_2D.png>
Package pdftex.def Info: tSNE_CCN_2D.png used on input line 452.
(pdftex.def)             Requested size: 105.39348pt x 79.0451pt.

Underfull \hbox (badness 10000) in paragraph at lines 458--462

 []


Underfull \hbox (badness 10000) in paragraph at lines 458--462

 []


Underfull \hbox (badness 4144) in paragraph at lines 458--462
\OT1/ptm/m/n/9 We also com-pare with two other state-of-the-art graph
 []


Underfull \hbox (badness 10000) in paragraph at lines 458--462

 []


Overfull \hbox (2.67207pt too wide) in paragraph at lines 464--485
 [] 
 []

<MAE.png, id=298, 421.575pt x 316.18124pt>
File: MAE.png Graphic file (type png)
 <use MAE.png>
Package pdftex.def Info: MAE.png used on input line 491.
(pdftex.def)             Requested size: 168.627pt x 126.47025pt.

<RMSE.png, id=299, 421.575pt x 316.18124pt>
File: RMSE.png Graphic file (type png)
 <use RMSE.png>
Package pdftex.def Info: RMSE.png used on input line 492.
(pdftex.def)             Requested size: 168.627pt x 126.47025pt.

<Result_CCN_1D.png, id=300, 421.575pt x 316.18124pt>
File: Result_CCN_1D.png Graphic file (type png)
 <use Result_CCN_1D.png>
Package pdftex.def Info: Result_CCN_1D.png used on input line 499.
(pdftex.def)             Requested size: 168.627pt x 126.47025pt.

<Result_CCN_2D.png, id=301, 421.575pt x 316.18124pt>
File: Result_CCN_2D.png Graphic file (type png)
 <use Result_CCN_2D.png>
Package pdftex.def Info: Result_CCN_2D.png used on input line 500.
(pdftex.def)             Requested size: 168.627pt x 126.47025pt.

[9 <./PCA_WL.png (PNG copy)> <./tSNE_WL.png (PNG copy)> <./PCA_CCN_1D.png (PNG 
copy)> <./tSNE_CCN_1D.png (PNG copy)> <./PCA_CCN_2D.png (PNG copy)> <./tSNE_CCN
_2D.png (PNG copy)> <./MAE.png (PNG copy)> <./RMSE.png (PNG copy)>]
Underfull \hbox (badness 1953) in paragraph at lines 505--507
\OT1/ptm/m/n/9 We ex-tended the state-of-the-art Weisfeiler-Lehman graph
 []


Underfull \hbox (badness 10000) in paragraph at lines 505--507

 []


Underfull \hbox (badness 1067) in paragraph at lines 505--507
\OT1/ptm/m/n/9 We are de-vel-op-ing our cus-tom Deep Learn-ing frame-work
 []


Underfull \hbox (badness 10000) in paragraph at lines 510--512

 []


Underfull \hbox (badness 2302) in paragraph at lines 510--512
\OT1/ptm/m/n/9 Some of the neu-ral net-work train-ing in this pa-per was
 []


Underfull \hbox (badness 1173) in paragraph at lines 510--512
\OT1/ptm/m/n/9 Sci-ence and Mid-way clus-ter of the UChicago Com-put-ing
 []

No file Final_Report.bbl.

Underfull \hbox (badness 1248) in paragraph at lines 550--553
\OT1/ptm/m/n/8 Graph Con-vo-lu-tional Net-works'', \OT1/ptm/m/it/8 In-ter-na-ti
onal Con-fer-ence on
 []

Missing character: There is no Ã in font ptmr7t!
Missing character: There is no © in font ptmr7t!
[10 <./Result_CCN_1D.png (PNG copy)> <./Result_CCN_2D.png (PNG copy)>]
<GraphFlow_box_flow.pdf, id=312, 846.23354pt x 411.56963pt>
File: GraphFlow_box_flow.pdf Graphic file (type pdf)

<use GraphFlow_box_flow.pdf>
Package pdftex.def Info: GraphFlow_box_flow.pdf used on input line 611.
(pdftex.def)             Requested size: 473.88754pt x 230.47742pt.

Overfull \hbox (246.2655pt too wide) in paragraph at lines 611--612
 [] 
 []

Package atveryend Info: Empty hook `BeforeClearDocument' on input line 633.
[11


 <./GraphFlow_box_flow.pdf>]
Package atveryend Info: Empty hook `AfterLastShipout' on input line 633.
 (./Final_Report.aux)
Package atveryend Info: Executing hook `AtVeryEndDocument' on input line 633.
Package atveryend Info: Executing hook `AtEndAfterFileList' on input line 633.
Package rerunfilecheck Info: File `Final_Report.out' has not changed.
(rerunfilecheck)             Checksum: 9A46DBC619124FF308A5738BCA9DC91A;2761.
Package atveryend Info: Empty hook `AtVeryVeryEnd' on input line 633.
 ) 
Here is how much of TeX's memory you used:
 7978 strings out of 493029
 118411 string characters out of 6136234
 212063 words of memory out of 5000000
 11306 multiletter control sequences out of 15000+600000
 25663 words of font info for 59 fonts, out of 8000000 for 9000
 1141 hyphenation exceptions out of 8191
 43i,7n,40p,1882b,402s stack positions out of 5000i,500n,10000p,200000b,80000s
{/usr/share/texlive/texmf-dist/fonts/enc/dvips/base/8r.enc}</usr/share/texliv
e/texmf-dist/fonts/type1/public/amsfonts/cmextra/cmex9.pfb></usr/share/texlive/
texmf-dist/fonts/type1/public/amsfonts/cm/cmmi10.pfb></usr/share/texlive/texmf-
dist/fonts/type1/public/amsfonts/cm/cmmi5.pfb></usr/share/texlive/texmf-dist/fo
nts/type1/public/amsfonts/cm/cmmi6.pfb></usr/share/texlive/texmf-dist/fonts/typ
e1/public/amsfonts/cm/cmmi9.pfb></usr/share/texlive/texmf-dist/fonts/type1/publ
ic/amsfonts/cm/cmr10.pfb></usr/share/texlive/texmf-dist/fonts/type1/public/amsf
onts/cm/cmr17.pfb></usr/share/texlive/texmf-dist/fonts/type1/public/amsfonts/cm
/cmr5.pfb></usr/share/texlive/texmf-dist/fonts/type1/public/amsfonts/cm/cmr6.pf
b></usr/share/texlive/texmf-dist/fonts/type1/public/amsfonts/cm/cmr9.pfb></usr/
share/texlive/texmf-dist/fonts/type1/public/amsfonts/cm/cmsy5.pfb></usr/share/t
exlive/texmf-dist/fonts/type1/public/amsfonts/cm/cmsy6.pfb></usr/share/texlive/
texmf-dist/fonts/type1/public/amsfonts/cm/cmsy9.pfb></usr/share/texlive/texmf-d
ist/fonts/type1/public/amsfonts/symbols/msbm10.pfb></usr/share/texlive/texmf-di
st/fonts/type1/urw/courier/ucrr8a.pfb></usr/share/texlive/texmf-dist/fonts/type
1/urw/times/utmb8a.pfb></usr/share/texlive/texmf-dist/fonts/type1/urw/times/utm
r8a.pfb></usr/share/texlive/texmf-dist/fonts/type1/urw/times/utmri8a.pfb>
Output written on Final_Report.pdf (11 pages, 820928 bytes).
PDF statistics:
 394 PDF objects out of 1000 (max. 8388607)
 339 compressed objects within 4 object streams
 80 named destinations out of 1000 (max. 500000)
 382 words of extra memory for PDF output out of 10000 (max. 10000000)

